<?xml version="1.0" encoding="UTF-8"?>
<testsuite name="Test" tests="1" skipped="0" failures="0" errors="0" timestamp="2020-07-27T15:15:18" hostname="DESKTOP-RLFQ05F" time="0.002">
  <properties/>
  <testcase name="testMultiplication" classname="Test" time="0.002"/>
  <system-out><![CDATA[]]></system-out>
  <system-err><![CDATA[]]></system-err>
</testsuite>
